<?xml version="1.0" encoding="UTF-8"?>
<testsuite xmlns:xsi="http://www.w3.org/2001/XMLSchema-instance" xsi:noNamespaceSchemaLocation="https://maven.apache.org/surefire/maven-surefire-plugin/xsd/surefire-test-report-3.0.xsd" version="3.0" name="com.example.fakebook.FakebookApplicationTests" time="9.265" tests="1" errors="0" skipped="0" failures="0">
  <properties>
[...]
</properties>
  <testcase name="contextLoads" classname="com.example.fakebook.FakebookApplicationTests" time="0.991">
    <system-out><![CDATA[23:33:37.767 [main] INFO org.springframework.test.context.support.AnnotationConfigContextLoaderUtils -- Could not detect default configuration classes for test class [com.example.fakebook.FakebookApplicationTests]: FakebookApplicationTests does not declare any static, non-private, non-final, nested classes annotated with @Configuration.
23:33:37.921 [main] INFO org.springframework.boot.test.context.SpringBootTestContextBootstrapper -- Found @SpringBootConfiguration com.example.fakebook.FakebookApplication for test class com.example.fakebook.FakebookApplicationTests

  .   ____          _            __ _ _
 /\\ / ___'_ __ _ _(_)_ __  __ _ \ \ \ \
( ( )\___ | '_ | '_| | '_ \/ _` | \ \ \ \
 \\/  ___)| |_)| | | | | || (_| |  ) ) ) )
  '  |____| .__|_| |_|_| |_\__, | / / / /
 =========|_|==============|___/=/_/_/_/
 :: Spring Boot ::                (v3.1.2)

2024-02-14T23:33:38.476+07:00  INFO 14704 --- [           main] c.e.fakebook.FakebookApplicationTests    : Starting FakebookApplicationTests using Java 19.0.2 with PID 14704 (started by Dell Vostro in C:\project1\fakebook)
2024-02-14T23:33:38.478+07:00  INFO 14704 --- [           main] c.e.fakebook.FakebookApplicationTests    : No active profile set, falling back to 1 default profile: "default"
2024-02-14T23:33:39.679+07:00  INFO 14704 --- [           main] .s.d.r.c.RepositoryConfigurationDelegate : Bootstrapping Spring Data JPA repositories in DEFAULT mode.
2024-02-14T23:33:39.779+07:00  INFO 14704 --- [           main] .s.d.r.c.RepositoryConfigurationDelegate : Finished Spring Data repository scanning in 87 ms. Found 8 JPA repository interfaces.
2024-02-14T23:33:40.584+07:00  INFO 14704 --- [           main] com.zaxxer.hikari.HikariDataSource       : HikariPool-1 - Starting...
2024-02-14T23:33:41.130+07:00  INFO 14704 --- [           main] com.zaxxer.hikari.pool.HikariPool        : HikariPool-1 - Added connection com.mysql.cj.jdbc.ConnectionImpl@2aa5bd48
2024-02-14T23:33:41.132+07:00  INFO 14704 --- [           main] com.zaxxer.hikari.HikariDataSource       : HikariPool-1 - Start completed.
2024-02-14T23:33:41.188+07:00  INFO 14704 --- [           main] o.hibernate.jpa.internal.util.LogHelper  : HHH000204: Processing PersistenceUnitInfo [name: default]
2024-02-14T23:33:41.314+07:00  INFO 14704 --- [           main] org.hibernate.Version                    : HHH000412: Hibernate ORM core version 6.2.6.Final
2024-02-14T23:33:41.321+07:00  INFO 14704 --- [           main] org.hibernate.cfg.Environment            : HHH000406: Using bytecode reflection optimizer
2024-02-14T23:33:41.595+07:00  INFO 14704 --- [           main] o.h.b.i.BytecodeProviderInitiator        : HHH000021: Bytecode provider name : bytebuddy
2024-02-14T23:33:41.796+07:00  INFO 14704 --- [           main] o.s.o.j.p.SpringPersistenceUnitInfo      : No LoadTimeWeaver setup: ignoring JPA class transformer
2024-02-14T23:33:42.166+07:00  INFO 14704 --- [           main] o.h.b.i.BytecodeProviderInitiator        : HHH000021: Bytecode provider name : bytebuddy
2024-02-14T23:33:43.025+07:00  INFO 14704 --- [           main] o.h.e.t.j.p.i.JtaPlatformInitiator       : HHH000490: Using JtaPlatform implementation: [org.hibernate.engine.transaction.jta.platform.internal.NoJtaPlatform]
2024-02-14T23:33:43.108+07:00 DEBUG 14704 --- [           main] org.hibernate.SQL                        : 
    alter table comment 
       modify column date_created  datetime(6)
Hibernate: 
    alter table comment 
       modify column date_created  datetime(6)
2024-02-14T23:33:43.162+07:00 DEBUG 14704 --- [           main] org.hibernate.SQL                        : 
    alter table notification_user 
       modify column date_created  datetime(6)
Hibernate: 
    alter table notification_user 
       modify column date_created  datetime(6)
2024-02-14T23:33:43.182+07:00 DEBUG 14704 --- [           main] org.hibernate.SQL                        : 
    alter table post_user 
       modify column date_created  datetime(6)
Hibernate: 
    alter table post_user 
       modify column date_created  datetime(6)
2024-02-14T23:33:43.325+07:00  INFO 14704 --- [           main] j.LocalContainerEntityManagerFactoryBean : Initialized JPA EntityManagerFactory for persistence unit 'default'
2024-02-14T23:33:43.751+07:00  INFO 14704 --- [           main] o.s.d.j.r.query.QueryEnhancerFactory     : Hibernate is in classpath; If applicable, HQL parser will be used.
2024-02-14T23:33:44.544+07:00  WARN 14704 --- [           main] JpaBaseConfiguration$JpaWebConfiguration : spring.jpa.open-in-view is enabled by default. Therefore, database queries may be performed during view rendering. Explicitly configure spring.jpa.open-in-view to disable this warning
2024-02-14T23:33:45.727+07:00  INFO 14704 --- [           main] c.e.fakebook.FakebookApplicationTests    : Started FakebookApplicationTests in 7.583 seconds (process running for 9.206)
]]></system-out>
  </testcase>
</testsuite>